<?xml version="1.0" encoding="UTF-8"?>
<testng-results skipped="0" failed="0" ignored="0" total="1" passed="1">
  <reporter-output>
  </reporter-output>
  <suite name="Default suite" duration-ms="12491" started-at="2019-09-04T14:01:30Z" finished-at="2019-09-04T14:01:43Z">
    <groups>
    </groups>
    <test name="Default test" duration-ms="12491" started-at="2019-09-04T14:01:30Z" finished-at="2019-09-04T14:01:43Z">
      <class name="com.atmecs.roundtrip.testscript.RoundTrip">
        <test-method status="PASS" signature="browserSetup()[pri:0, instance:com.atmecs.roundtrip.testscript.RoundTrip@68c4039c]" name="browserSetup" is-config="true" duration-ms="6560" started-at="2019-09-04T14:01:24Z" finished-at="2019-09-04T14:01:30Z">
          <reporter-output>
          </reporter-output>
        </test-method> <!-- browserSetup -->
        <test-method status="PASS" signature="roundtrip()[pri:0, instance:com.atmecs.roundtrip.testscript.RoundTrip@68c4039c]" name="roundtrip" duration-ms="12465" started-at="2019-09-04T14:01:30Z" finished-at="2019-09-04T14:01:43Z">
          <reporter-output>
          </reporter-output>
        </test-method> <!-- roundtrip -->
      </class> <!-- com.atmecs.roundtrip.testscript.RoundTrip -->
    </test> <!-- Default test -->
  </suite> <!-- Default suite -->
</testng-results>
